# JRE version: OpenJDK Runtime Environment Temurin-21.0.6+7 (21.0.6+7) (build 21.0.6+7-LTS)
# Java VM: OpenJDK 64-Bit Server VM Temurin-21.0.6+7 (21.0.6+7-LTS, mixed mode, sharing, tiered, compressed oops, compressed class ptrs, parallel gc, windows-amd64)
GC Precious Log:
 CardTable entry size: 512
 CPUs: 12 total, 12 available
 Memory: 6005M
 Large Page Support: Disabled
 NUMA Support: Disabled
 Compressed Oops: Enabled (32-bit)
 Alignments: Space 512K, Generation 512K, Heap 2M
 Heap Min Capacity: 100M
 Heap Initial Capacity: 100M
 Heap Max Capacity: 1G
 Pre-touch: Disabled
 Parallel Workers: 10
Heap:
 PSYoungGen      total 3584K, used 3217K [0x00000000eab00000, 0x00000000eaf80000, 0x0000000100000000)
  eden space 3072K, 91% used [0x00000000eab00000,0x00000000eadbc718,0x00000000eae00000)
  from space 512K, 81% used [0x00000000eae80000,0x00000000eaee8000,0x00000000eaf00000)
  to   space 512K, 0% used [0x00000000eaf00000,0x00000000eaf00000,0x00000000eaf80000)
 ParOldGen       total 475648K, used 475186K [0x00000000c0000000, 0x00000000dd080000, 0x00000000eab00000)
  object space 475648K, 99% used [0x00000000c0000000,0x00000000dd00ca70,0x00000000dd080000)
 Metaspace       used 65129K, committed 66752K, reserved 1114112K
  class space    used 6736K, committed 7424K, reserved 1048576K
GC Heap History (20 events):
Event: 27.122 GC heap before
{Heap before GC invocations=727 (full 3):
 PSYoungGen      total 5120K, used 4928K [0x00000000eab00000, 0x00000000eb200000, 0x0000000100000000)
  eden space 3072K, 100% used [0x00000000eab00000,0x00000000eae00000,0x00000000eae00000)
  from space 2048K, 90% used [0x00000000eae00000,0x00000000eafd0000,0x00000000eb000000)
  to   space 2048K, 0% used [0x00000000eb000000,0x00000000eb000000,0x00000000eb200000)
 ParOldGen       total 471040K, used 470833K [0x00000000c0000000, 0x00000000dcc00000, 0x00000000eab00000)
  object space 471040K, 99% used [0x00000000c0000000,0x00000000dcbcc438,0x00000000dcc00000)
 Metaspace       used 63657K, committed 65280K, reserved 1114112K
  class space    used 6630K, committed 7360K, reserved 1048576K
}
Event: 27.129 GC heap after
{Heap after GC invocations=727 (full 3):
 PSYoungGen      total 4096K, used 857K [0x00000000eab00000, 0x00000000eb100000, 0x0000000100000000)
  eden space 3072K, 0% used [0x00000000eab00000,0x00000000eab00000,0x00000000eae00000)
  from space 1024K, 83% used [0x00000000eb000000,0x00000000eb0d6530,0x00000000eb100000)
  to   space 1536K, 0% used [0x00000000eae00000,0x00000000eae00000,0x00000000eaf80000)
 ParOldGen       total 472576K, used 472552K [0x00000000c0000000, 0x00000000dcd80000, 0x00000000eab00000)
  object space 472576K, 99% used [0x00000000c0000000,0x00000000dcd7a328,0x00000000dcd80000)
 Metaspace       used 63657K, committed 65280K, reserved 1114112K
  class space    used 6630K, committed 7360K, reserved 1048576K
}
Event: 27.175 GC heap before
{Heap before GC invocations=728 (full 3):
 PSYoungGen      total 4096K, used 3929K [0x00000000eab00000, 0x00000000eb100000, 0x0000000100000000)
  eden space 3072K, 100% used [0x00000000eab00000,0x00000000eae00000,0x00000000eae00000)
  from space 1024K, 83% used [0x00000000eb000000,0x00000000eb0d6530,0x00000000eb100000)
  to   space 1536K, 0% used [0x00000000eae00000,0x00000000eae00000,0x00000000eaf80000)
 ParOldGen       total 472576K, used 472552K [0x00000000c0000000, 0x00000000dcd80000, 0x00000000eab00000)
  object space 472576K, 99% used [0x00000000c0000000,0x00000000dcd7a328,0x00000000dcd80000)
 Metaspace       used 63825K, committed 65408K, reserved 1114112K
  class space    used 6644K, committed 7360K, reserved 1048576K
}
Event: 27.178 GC heap after
{Heap after GC invocations=728 (full 3):
 PSYoungGen      total 4608K, used 704K [0x00000000eab00000, 0x00000000eb080000, 0x0000000100000000)
  eden space 3072K, 0% used [0x00000000eab00000,0x00000000eab00000,0x00000000eae00000)
  from space 1536K, 45% used [0x00000000eae00000,0x00000000eaeb0000,0x00000000eaf80000)
  to   space 1024K, 0% used [0x00000000eaf80000,0x00000000eaf80000,0x00000000eb080000)
 ParOldGen       total 473088K, used 473050K [0x00000000c0000000, 0x00000000dce00000, 0x00000000eab00000)
  object space 473088K, 99% used [0x00000000c0000000,0x00000000dcdf6a40,0x00000000dce00000)
 Metaspace       used 63825K, committed 65408K, reserved 1114112K
  class space    used 6644K, committed 7360K, reserved 1048576K
}
Event: 27.285 GC heap before
{Heap before GC invocations=729 (full 3):
 PSYoungGen      total 4608K, used 3769K [0x00000000eab00000, 0x00000000eb080000, 0x0000000100000000)
  eden space 3072K, 99% used [0x00000000eab00000,0x00000000eadfe450,0x00000000eae00000)
  from space 1536K, 45% used [0x00000000eae00000,0x00000000eaeb0000,0x00000000eaf80000)
  to   space 1024K, 0% used [0x00000000eaf80000,0x00000000eaf80000,0x00000000eb080000)
 ParOldGen       total 473088K, used 473050K [0x00000000c0000000, 0x00000000dce00000, 0x00000000eab00000)
  object space 473088K, 99% used [0x00000000c0000000,0x00000000dcdf6a40,0x00000000dce00000)
 Metaspace       used 63979K, committed 65536K, reserved 1114112K
  class space    used 6653K, committed 7360K, reserved 1048576K
}
Event: 27.289 GC heap after
{Heap after GC invocations=729 (full 3):
 PSYoungGen      total 4096K, used 848K [0x00000000eab00000, 0x00000000eb080000, 0x0000000100000000)
  eden space 3072K, 0% used [0x00000000eab00000,0x00000000eab00000,0x00000000eae00000)
  from space 1024K, 82% used [0x00000000eaf80000,0x00000000eb054010,0x00000000eb080000)
  to   space 1024K, 0% used [0x00000000eae80000,0x00000000eae80000,0x00000000eaf80000)
 ParOldGen       total 473600K, used 473540K [0x00000000c0000000, 0x00000000dce80000, 0x00000000eab00000)
  object space 473600K, 99% used [0x00000000c0000000,0x00000000dce712e0,0x00000000dce80000)
 Metaspace       used 63979K, committed 65536K, reserved 1114112K
  class space    used 6653K, committed 7360K, reserved 1048576K
}
Event: 27.431 GC heap before
{Heap before GC invocations=730 (full 3):
 PSYoungGen      total 4096K, used 3514K [0x00000000eab00000, 0x00000000eb080000, 0x0000000100000000)
  eden space 3072K, 86% used [0x00000000eab00000,0x00000000ead9abb0,0x00000000eae00000)
  from space 1024K, 82% used [0x00000000eaf80000,0x00000000eb054010,0x00000000eb080000)
  to   space 1024K, 0% used [0x00000000eae80000,0x00000000eae80000,0x00000000eaf80000)
 ParOldGen       total 473600K, used 473540K [0x00000000c0000000, 0x00000000dce80000, 0x00000000eab00000)
  object space 473600K, 99% used [0x00000000c0000000,0x00000000dce712e0,0x00000000dce80000)
 Metaspace       used 64447K, committed 66112K, reserved 1114112K
  class space    used 6702K, committed 7424K, reserved 1048576K
}
Event: 27.434 GC heap after
{Heap after GC invocations=730 (full 3):
 PSYoungGen      total 3584K, used 352K [0x00000000eab00000, 0x00000000eb000000, 0x0000000100000000)
  eden space 3072K, 0% used [0x00000000eab00000,0x00000000eab00000,0x00000000eae00000)
  from space 512K, 68% used [0x00000000eae80000,0x00000000eaed8020,0x00000000eaf00000)
  to   space 1024K, 0% used [0x00000000eaf00000,0x00000000eaf00000,0x00000000eb000000)
 ParOldGen       total 474112K, used 473804K [0x00000000c0000000, 0x00000000dcf00000, 0x00000000eab00000)
  object space 474112K, 99% used [0x00000000c0000000,0x00000000dceb32e0,0x00000000dcf00000)
 Metaspace       used 64447K, committed 66112K, reserved 1114112K
  class space    used 6702K, committed 7424K, reserved 1048576K
}
Event: 27.470 GC heap before
{Heap before GC invocations=731 (full 3):
 PSYoungGen      total 3584K, used 3424K [0x00000000eab00000, 0x00000000eb000000, 0x0000000100000000)
  eden space 3072K, 100% used [0x00000000eab00000,0x00000000eae00000,0x00000000eae00000)
  from space 512K, 68% used [0x00000000eae80000,0x00000000eaed8020,0x00000000eaf00000)
  to   space 1024K, 0% used [0x00000000eaf00000,0x00000000eaf00000,0x00000000eb000000)
 ParOldGen       total 474112K, used 473804K [0x00000000c0000000, 0x00000000dcf00000, 0x00000000eab00000)
  object space 474112K, 99% used [0x00000000c0000000,0x00000000dceb32e0,0x00000000dcf00000)
 Metaspace       used 64475K, committed 66112K, reserved 1114112K
  class space    used 6706K, committed 7424K, reserved 1048576K
}
Event: 27.473 GC heap after
{Heap after GC invocations=731 (full 3):
 PSYoungGen      total 4096K, used 630K [0x00000000eab00000, 0x00000000eb000000, 0x0000000100000000)
  eden space 3072K, 0% used [0x00000000eab00000,0x00000000eab00000,0x00000000eae00000)
  from space 1024K, 61% used [0x00000000eaf00000,0x00000000eaf9da98,0x00000000eb000000)
  to   space 1024K, 0% used [0x00000000eae00000,0x00000000eae00000,0x00000000eaf00000)
 ParOldGen       total 474112K, used 474049K [0x00000000c0000000, 0x00000000dcf00000, 0x00000000eab00000)
  object space 474112K, 99% used [0x00000000c0000000,0x00000000dcef0580,0x00000000dcf00000)
 Metaspace       used 64475K, committed 66112K, reserved 1114112K
  class space    used 6706K, committed 7424K, reserved 1048576K
}
Event: 27.527 GC heap before
{Heap before GC invocations=732 (full 3):
 PSYoungGen      total 4096K, used 2916K [0x00000000eab00000, 0x00000000eb000000, 0x0000000100000000)
  eden space 3072K, 74% used [0x00000000eab00000,0x00000000ead3b8e8,0x00000000eae00000)
  from space 1024K, 61% used [0x00000000eaf00000,0x00000000eaf9da98,0x00000000eb000000)
  to   space 1024K, 0% used [0x00000000eae00000,0x00000000eae00000,0x00000000eaf00000)
 ParOldGen       total 474112K, used 474049K [0x00000000c0000000, 0x00000000dcf00000, 0x00000000eab00000)
  object space 474112K, 99% used [0x00000000c0000000,0x00000000dcef0580,0x00000000dcf00000)
 Metaspace       used 64502K, committed 66112K, reserved 1114112K
  class space    used 6710K, committed 7424K, reserved 1048576K
}
Event: 27.530 GC heap after
{Heap after GC invocations=732 (full 3):
 PSYoungGen      total 4096K, used 352K [0x00000000eab00000, 0x00000000eaf80000, 0x0000000100000000)
  eden space 3072K, 0% used [0x00000000eab00000,0x00000000eab00000,0x00000000eae00000)
  from space 1024K, 34% used [0x00000000eae00000,0x00000000eae58000,0x00000000eaf00000)
  to   space 512K, 0% used [0x00000000eaf00000,0x00000000eaf00000,0x00000000eaf80000)
 ParOldGen       total 474624K, used 474176K [0x00000000c0000000, 0x00000000dcf80000, 0x00000000eab00000)
  object space 474624K, 99% used [0x00000000c0000000,0x00000000dcf10018,0x00000000dcf80000)
 Metaspace       used 64502K, committed 66112K, reserved 1114112K
  class space    used 6710K, committed 7424K, reserved 1048576K
}
Event: 32.000 GC heap before
{Heap before GC invocations=733 (full 3):
 PSYoungGen      total 4096K, used 3424K [0x00000000eab00000, 0x00000000eaf80000, 0x0000000100000000)
  eden space 3072K, 100% used [0x00000000eab00000,0x00000000eae00000,0x00000000eae00000)
  from space 1024K, 34% used [0x00000000eae00000,0x00000000eae58000,0x00000000eaf00000)
  to   space 512K, 0% used [0x00000000eaf00000,0x00000000eaf00000,0x00000000eaf80000)
 ParOldGen       total 474624K, used 474176K [0x00000000c0000000, 0x00000000dcf80000, 0x00000000eab00000)
  object space 474624K, 99% used [0x00000000c0000000,0x00000000dcf10018,0x00000000dcf80000)
 Metaspace       used 64541K, committed 66112K, reserved 1114112K
  class space    used 6713K, committed 7424K, reserved 1048576K
}
Event: 32.003 GC heap after
{Heap after GC invocations=733 (full 3):
 PSYoungGen      total 3584K, used 417K [0x00000000eab00000, 0x00000000eaf80000, 0x0000000100000000)
  eden space 3072K, 0% used [0x00000000eab00000,0x00000000eab00000,0x00000000eae00000)
  from space 512K, 81% used [0x00000000eaf00000,0x00000000eaf68460,0x00000000eaf80000)
  to   space 512K, 0% used [0x00000000eae80000,0x00000000eae80000,0x00000000eaf00000)
 ParOldGen       total 474624K, used 474304K [0x00000000c0000000, 0x00000000dcf80000, 0x00000000eab00000)
  object space 474624K, 99% used [0x00000000c0000000,0x00000000dcf30018,0x00000000dcf80000)
 Metaspace       used 64541K, committed 66112K, reserved 1114112K
  class space    used 6713K, committed 7424K, reserved 1048576K
}
Event: 41.217 GC heap before
{Heap before GC invocations=734 (full 3):
 PSYoungGen      total 3584K, used 3486K [0x00000000eab00000, 0x00000000eaf80000, 0x0000000100000000)
  eden space 3072K, 99% used [0x00000000eab00000,0x00000000eadff5a0,0x00000000eae00000)
  from space 512K, 81% used [0x00000000eaf00000,0x00000000eaf68460,0x00000000eaf80000)
  to   space 512K, 0% used [0x00000000eae80000,0x00000000eae80000,0x00000000eaf00000)
 ParOldGen       total 474624K, used 474304K [0x00000000c0000000, 0x00000000dcf80000, 0x00000000eab00000)
  object space 474624K, 99% used [0x00000000c0000000,0x00000000dcf30018,0x00000000dcf80000)
 Metaspace       used 64755K, committed 66304K, reserved 1114112K
  class space    used 6724K, committed 7424K, reserved 1048576K
}
Event: 41.221 GC heap after
{Heap after GC invocations=734 (full 3):
 PSYoungGen      total 3584K, used 512K [0x00000000eab00000, 0x00000000eb000000, 0x0000000100000000)
  eden space 3072K, 0% used [0x00000000eab00000,0x00000000eab00000,0x00000000eae00000)
  from space 512K, 100% used [0x00000000eae80000,0x00000000eaf00000,0x00000000eaf00000)
  to   space 1024K, 0% used [0x00000000eaf00000,0x00000000eaf00000,0x00000000eb000000)
 ParOldGen       total 474624K, used 474561K [0x00000000c0000000, 0x00000000dcf80000, 0x00000000eab00000)
  object space 474624K, 99% used [0x00000000c0000000,0x00000000dcf70478,0x00000000dcf80000)
 Metaspace       used 64755K, committed 66304K, reserved 1114112K
  class space    used 6724K, committed 7424K, reserved 1048576K
}
Event: 44.078 GC heap before
{Heap before GC invocations=735 (full 3):
 PSYoungGen      total 3584K, used 3583K [0x00000000eab00000, 0x00000000eb000000, 0x0000000100000000)
  eden space 3072K, 99% used [0x00000000eab00000,0x00000000eadffff0,0x00000000eae00000)
  from space 512K, 100% used [0x00000000eae80000,0x00000000eaf00000,0x00000000eaf00000)
  to   space 1024K, 0% used [0x00000000eaf00000,0x00000000eaf00000,0x00000000eb000000)
 ParOldGen       total 474624K, used 474561K [0x00000000c0000000, 0x00000000dcf80000, 0x00000000eab00000)
  object space 474624K, 99% used [0x00000000c0000000,0x00000000dcf70478,0x00000000dcf80000)
 Metaspace       used 65021K, committed 66624K, reserved 1114112K
  class space    used 6733K, committed 7424K, reserved 1048576K
}
Event: 44.081 GC heap after
{Heap after GC invocations=735 (full 3):
 PSYoungGen      total 3584K, used 352K [0x00000000eab00000, 0x00000000eaf80000, 0x0000000100000000)
  eden space 3072K, 0% used [0x00000000eab00000,0x00000000eab00000,0x00000000eae00000)
  from space 512K, 68% used [0x00000000eaf00000,0x00000000eaf58020,0x00000000eaf80000)
  to   space 512K, 0% used [0x00000000eae80000,0x00000000eae80000,0x00000000eaf00000)
 ParOldGen       total 475136K, used 475050K [0x00000000c0000000, 0x00000000dd000000, 0x00000000eab00000)
  object space 475136K, 99% used [0x00000000c0000000,0x00000000dcfeaa50,0x00000000dd000000)
 Metaspace       used 65021K, committed 66624K, reserved 1114112K
  class space    used 6733K, committed 7424K, reserved 1048576K
}
Event: 71.652 GC heap before
{Heap before GC invocations=736 (full 3):
 PSYoungGen      total 3584K, used 3423K [0x00000000eab00000, 0x00000000eaf80000, 0x0000000100000000)
  eden space 3072K, 99% used [0x00000000eab00000,0x00000000eadffe80,0x00000000eae00000)
  from space 512K, 68% used [0x00000000eaf00000,0x00000000eaf58020,0x00000000eaf80000)
  to   space 512K, 0% used [0x00000000eae80000,0x00000000eae80000,0x00000000eaf00000)
 ParOldGen       total 475136K, used 475050K [0x00000000c0000000, 0x00000000dd000000, 0x00000000eab00000)
  object space 475136K, 99% used [0x00000000c0000000,0x00000000dcfeaa50,0x00000000dd000000)
 Metaspace       used 65061K, committed 66688K, reserved 1114112K
  class space    used 6733K, committed 7424K, reserved 1048576K
}
Event: 71.655 GC heap after
{Heap after GC invocations=736 (full 3):
 PSYoungGen      total 3584K, used 416K [0x00000000eab00000, 0x00000000eaf80000, 0x0000000100000000)
  eden space 3072K, 0% used [0x00000000eab00000,0x00000000eab00000,0x00000000eae00000)
  from space 512K, 81% used [0x00000000eae80000,0x00000000eaee8000,0x00000000eaf00000)
  to   space 512K, 0% used [0x00000000eaf00000,0x00000000eaf00000,0x00000000eaf80000)
 ParOldGen       total 475648K, used 475186K [0x00000000c0000000, 0x00000000dd080000, 0x00000000eab00000)
  object space 475648K, 99% used [0x00000000c0000000,0x00000000dd00ca70,0x00000000dd080000)
 Metaspace       used 65061K, committed 66688K, reserved 1114112K
  class space    used 6733K, committed 7424K, reserved 1048576K
}

