# JRE version: OpenJDK Runtime Environment JBR-17.0.12+1-1207.37-nomod (17.0.12+1) (build 17.0.12+1-b1207.37)
# Java VM: OpenJDK 64-Bit Server VM JBR-17.0.12+1-1207.37-nomod (17.0.12+1-b1207.37, mixed mode, sharing, tiered, compressed oops, compressed class ptrs, g1 gc, windows-amd64)
GC Precious Log:
 CPUs: 12 total, 12 available
 Memory: 7487M
 Large Page Support: Disabled
 NUMA Support: Disabled
 Compressed Oops: Enabled (32-bit)
 Heap Region Size: 1M
 Heap Min Capacity: 8M
 Heap Initial Capacity: 118M
 Heap Max Capacity: 1872M
 Pre-touch: Disabled
 Parallel Workers: 10
 Concurrent Workers: 3
 Concurrent Refinement Workers: 10
 Periodic GC: Disabled
Heap:
 garbage-first heap   total 97280K, used 35655K [0x000000008b000000, 0x0000000100000000)
  region size 1024K, 10 young (10240K), 3 survivors (3072K)
 Metaspace       used 30859K, committed 31232K, reserved 1114112K
  class space    used 3699K, committed 3904K, reserved 1048576K
GC Heap History (20 events):
Event: 1.884 GC heap before
{Heap before GC invocations=0 (full 0):
 garbage-first heap   total 120832K, used 22528K [0x000000008b000000, 0x0000000100000000)
  region size 1024K, 23 young (23552K), 0 survivors (0K)
 Metaspace       used 6020K, committed 6208K, reserved 1114112K
  class space    used 742K, committed 832K, reserved 1048576K
}
Event: 1.892 GC heap after
{Heap after GC invocations=1 (full 0):
 garbage-first heap   total 120832K, used 3712K [0x000000008b000000, 0x0000000100000000)
  region size 1024K, 3 young (3072K), 3 survivors (3072K)
 Metaspace       used 6020K, committed 6208K, reserved 1114112K
  class space    used 742K, committed 832K, reserved 1048576K
}
Event: 2.422 GC heap before
{Heap before GC invocations=1 (full 0):
 garbage-first heap   total 120832K, used 34432K [0x000000008b000000, 0x0000000100000000)
  region size 1024K, 33 young (33792K), 3 survivors (3072K)
 Metaspace       used 9812K, committed 9984K, reserved 1114112K
  class space    used 1229K, committed 1344K, reserved 1048576K
}
Event: 2.430 GC heap after
{Heap after GC invocations=2 (full 0):
 garbage-first heap   total 120832K, used 5289K [0x000000008b000000, 0x0000000100000000)
  region size 1024K, 2 young (2048K), 2 survivors (2048K)
 Metaspace       used 9812K, committed 9984K, reserved 1114112K
  class space    used 1229K, committed 1344K, reserved 1048576K
}
Event: 4.006 GC heap before
{Heap before GC invocations=2 (full 0):
 garbage-first heap   total 120832K, used 74921K [0x000000008b000000, 0x0000000100000000)
  region size 1024K, 70 young (71680K), 2 survivors (2048K)
 Metaspace       used 17749K, committed 17984K, reserved 1114112K
  class space    used 2189K, committed 2304K, reserved 1048576K
}
Event: 4.019 GC heap after
{Heap after GC invocations=3 (full 0):
 garbage-first heap   total 120832K, used 10715K [0x000000008b000000, 0x0000000100000000)
  region size 1024K, 7 young (7168K), 7 survivors (7168K)
 Metaspace       used 17749K, committed 17984K, reserved 1114112K
  class space    used 2189K, committed 2304K, reserved 1048576K
}
Event: 4.336 GC heap before
{Heap before GC invocations=3 (full 0):
 garbage-first heap   total 120832K, used 26075K [0x000000008b000000, 0x0000000100000000)
  region size 1024K, 23 young (23552K), 7 survivors (7168K)
 Metaspace       used 21318K, committed 21504K, reserved 1114112K
  class space    used 2653K, committed 2752K, reserved 1048576K
}
Event: 4.348 GC heap after
{Heap after GC invocations=4 (full 0):
 garbage-first heap   total 120832K, used 12016K [0x000000008b000000, 0x0000000100000000)
  region size 1024K, 2 young (2048K), 2 survivors (2048K)
 Metaspace       used 21318K, committed 21504K, reserved 1114112K
  class space    used 2653K, committed 2752K, reserved 1048576K
}
Event: 4.875 GC heap before
{Heap before GC invocations=5 (full 0):
 garbage-first heap   total 48128K, used 37616K [0x000000008b000000, 0x0000000100000000)
  region size 1024K, 28 young (28672K), 2 survivors (2048K)
 Metaspace       used 25982K, committed 26240K, reserved 1114112K
  class space    used 3176K, committed 3328K, reserved 1048576K
}
Event: 4.882 GC heap after
{Heap after GC invocations=6 (full 0):
 garbage-first heap   total 48128K, used 16624K [0x000000008b000000, 0x0000000100000000)
  region size 1024K, 4 young (4096K), 4 survivors (4096K)
 Metaspace       used 25982K, committed 26240K, reserved 1114112K
  class space    used 3176K, committed 3328K, reserved 1048576K
}
Event: 4.889 GC heap before
{Heap before GC invocations=6 (full 0):
 garbage-first heap   total 48128K, used 17648K [0x000000008b000000, 0x0000000100000000)
  region size 1024K, 5 young (5120K), 4 survivors (4096K)
 Metaspace       used 25988K, committed 26240K, reserved 1114112K
  class space    used 3176K, committed 3328K, reserved 1048576K
}
Event: 4.894 GC heap after
{Heap after GC invocations=7 (full 0):
 garbage-first heap   total 48128K, used 17349K [0x000000008b000000, 0x0000000100000000)
  region size 1024K, 1 young (1024K), 1 survivors (1024K)
 Metaspace       used 25988K, committed 26240K, reserved 1114112K
  class space    used 3176K, committed 3328K, reserved 1048576K
}
Event: 5.028 GC heap before
{Heap before GC invocations=7 (full 0):
 garbage-first heap   total 48128K, used 34757K [0x000000008b000000, 0x0000000100000000)
  region size 1024K, 18 young (18432K), 1 survivors (1024K)
 Metaspace       used 26500K, committed 26816K, reserved 1114112K
  class space    used 3240K, committed 3392K, reserved 1048576K
}
Event: 5.034 GC heap after
{Heap after GC invocations=8 (full 0):
 garbage-first heap   total 48128K, used 20783K [0x000000008b000000, 0x0000000100000000)
  region size 1024K, 3 young (3072K), 3 survivors (3072K)
 Metaspace       used 26500K, committed 26816K, reserved 1114112K
  class space    used 3240K, committed 3392K, reserved 1048576K
}
Event: 5.130 GC heap before
{Heap before GC invocations=8 (full 0):
 garbage-first heap   total 48128K, used 35119K [0x000000008b000000, 0x0000000100000000)
  region size 1024K, 17 young (17408K), 3 survivors (3072K)
 Metaspace       used 26764K, committed 27008K, reserved 1114112K
  class space    used 3244K, committed 3392K, reserved 1048576K
}
Event: 5.139 GC heap after
{Heap after GC invocations=9 (full 0):
 garbage-first heap   total 97280K, used 23782K [0x000000008b000000, 0x0000000100000000)
  region size 1024K, 3 young (3072K), 3 survivors (3072K)
 Metaspace       used 26764K, committed 27008K, reserved 1114112K
  class space    used 3244K, committed 3392K, reserved 1048576K
}
Event: 5.871 GC heap before
{Heap before GC invocations=9 (full 0):
 garbage-first heap   total 97280K, used 64742K [0x000000008b000000, 0x0000000100000000)
  region size 1024K, 43 young (44032K), 3 survivors (3072K)
 Metaspace       used 29204K, committed 29440K, reserved 1114112K
  class space    used 3485K, committed 3584K, reserved 1048576K
}
Event: 5.885 GC heap after
{Heap after GC invocations=10 (full 0):
 garbage-first heap   total 97280K, used 27232K [0x000000008b000000, 0x0000000100000000)
  region size 1024K, 6 young (6144K), 6 survivors (6144K)
 Metaspace       used 29204K, committed 29440K, reserved 1114112K
  class space    used 3485K, committed 3584K, reserved 1048576K
}
Event: 6.875 GC heap before
{Heap before GC invocations=10 (full 0):
 garbage-first heap   total 97280K, used 67168K [0x000000008b000000, 0x0000000100000000)
  region size 1024K, 45 young (46080K), 6 survivors (6144K)
 Metaspace       used 30224K, committed 30464K, reserved 1114112K
  class space    used 3596K, committed 3712K, reserved 1048576K
}
Event: 6.884 GC heap after
{Heap after GC invocations=11 (full 0):
 garbage-first heap   total 97280K, used 29511K [0x000000008b000000, 0x0000000100000000)
  region size 1024K, 3 young (3072K), 3 survivors (3072K)
 Metaspace       used 30224K, committed 30464K, reserved 1114112K
  class space    used 3596K, committed 3712K, reserved 1048576K
}

